{"/Users/sayongja/Desktop/etc-Project/UNIT-BASIC/src/async.js": {"path":"/Users/sayongja/Desktop/etc-Project/UNIT-BASIC/src/async.js","all":false,"statementMap":{"0":{"start":{"line":1,"column":0},"end":{"line":1,"column":30}},"1":{"start":{"line":2,"column":0},"end":{"line":2,"column":25}},"2":{"start":{"line":3,"column":0},"end":{"line":3,"column":41}},"3":{"start":{"line":4,"column":0},"end":{"line":4,"column":2}},"4":{"start":{"line":5,"column":0},"end":{"line":5,"column":54}},"5":{"start":{"line":6,"column":0},"end":{"line":6,"column":1}},"6":{"start":{"line":7,"column":0},"end":{"line":7,"column":0}},"7":{"start":{"line":8,"column":0},"end":{"line":8,"column":30}}},"s":{"0":5,"1":5,"2":5,"3":5,"4":5,"5":5,"6":1,"7":1},"branchMap":{},"b":{},"fnMap":{"0":{"name":"fetchProduct","decl":{"start":{"line":1,"column":0},"end":{"line":6,"column":1}},"loc":{"start":{"line":1,"column":0},"end":{"line":6,"column":1}},"line":1}},"f":{"0":5}}
}
